<?xml version="1.0" encoding="UTF-8"?>
<!-- Generated by org.testng.reporters.JUnitReportReporter -->
<testsuite skipped="0" hostname="DESKTOP-SE5JK6N" name="session5TestNG.Test1" tests="1" failures="0" timestamp="2021-11-29T00:28:49 CST" time="2.834" errors="0">
  <testcase name="dataenter" time="2.834" classname="session5TestNG.Test1"/>
  <system-out/>
</testsuite> <!-- session5TestNG.Test1 -->
